<?xml version="1.0" encoding="UTF-8"?>
<!-- Generated by org.testng.reporters.JUnitReportReporter -->
<testsuite hostname="eybthegreat" failures="0" tests="1" name="vmtpoc.vmtautopoc.PocAuto" time="2.428" errors="0" timestamp="2024-05-18T16:55:12 PST" skipped="0">
  <testcase classname="vmtpoc.vmtautopoc.PocAuto" name="ExtentReports" time="2.428"/>
</testsuite> <!-- vmtpoc.vmtautopoc.PocAuto -->
